#0 building with "default" instance using docker driver

#1 [internal] load build definition from Containerfile.base
#1 transferring dockerfile: 689B done
#1 DONE 0.0s

#2 [1/5] FROM docker.io/skillrace/skillgen-base:0.73.1-construction
#2 CACHED

#3 [internal] load metadata for docker.io/skillrace/skillgen-base:0.73.1-construction
#3 DONE 0.0s

#4 [internal] load .dockerignore
#4 transferring context: 2B done
#4 DONE 0.0s

#5 [internal] load build context
#5 transferring context: 87B done
#5 DONE 0.0s

#6 [2/5] RUN sed -i         -e 's#http://deb.debian.org/debian-security#https://mirrors.aliyun.com/debian-security#g'         -e 's#http://deb.debian.org/debian#https://mirrors.aliyun.com/debian#g'         /etc/apt/sources.list.d/debian.sources     && apt-get update     && apt-get install -y --no-install-recommends build-essential binutils cmake     && rm -rf /var/lib/apt/lists/*
#6 6.986 Get:1 https://mirrors.aliyun.com/debian bookworm InRelease [151 kB]
#6 9.565 Get:2 https://mirrors.aliyun.com/debian bookworm-updates InRelease [55.4 kB]
#6 10.25 Get:3 https://mirrors.aliyun.com/debian-security bookworm-security InRelease [48.0 kB]
#6 11.66 Get:4 https://mirrors.aliyun.com/debian bookworm/main amd64 Packages [8790 kB]
#6 158.2 Get:5 https://mirrors.aliyun.com/debian bookworm-updates/main amd64 Packages [6924 B]
#6 158.5 Get:6 https://mirrors.aliyun.com/debian-security bookworm-security/main amd64 Packages [316 kB]
#6 168.4 Fetched 9367 kB in 2min 48s (55.7 kB/s)
#6 168.4 Reading package lists...
#6 168.8 Reading package lists...
#6 169.2 Building dependency tree...
#6 169.3 Reading state information...
#6 169.4 The following additional packages will be installed:
#6 169.4   binutils-common binutils-x86-64-linux-gnu bzip2 cmake-data cpp cpp-12 dpkg
#6 169.4   dpkg-dev g++ g++-12 gcc gcc-12 libarchive13 libasan8 libatomic1 libbinutils
#6 169.4   libc-bin libc-dev-bin libc6 libc6-dev libcc1-0 libcrypt-dev libctf-nobfd0
#6 169.4   libctf0 libcurl3-gnutls libcurl4 libdpkg-perl libgcc-12-dev libgomp1
#6 169.4   libgprofng0 libicu72 libisl23 libitm1 libjansson4 libjsoncpp25 liblsan0
#6 169.4   liblzma5 libmpc3 libmpfr6 libnsl-dev libproc2-0 libquadmath0 librhash0
#6 169.4   libstdc++-12-dev libtirpc-dev libtsan2 libubsan1 libuv1 libxml2
#6 169.4   linux-libc-dev make patch procps rpcsvc-proto xz-utils
#6 169.4 Suggested packages:
#6 169.4   binutils-doc bzip2-doc cmake-doc cmake-format elpa-cmake-mode ninja-build
#6 169.4   cpp-doc gcc-12-locales cpp-12-doc debsig-verify debian-keyring g++-multilib
#6 169.4   g++-12-multilib gcc-12-doc gcc-multilib manpages-dev autoconf automake
#6 169.4   libtool flex bison gdb gcc-doc gcc-12-multilib lrzip glibc-doc libc-l10n
#6 169.4   locales libnss-nis libnss-nisplus gnupg | sq | sqop | pgpainless-cli
#6 169.4   sensible-utils bzr libstdc++-12-doc make-doc ed diffutils-doc
#6 169.4 Recommended packages:
#6 169.4   fakeroot gnupg | sq | sqop | pgpainless-cli libalgorithm-merge-perl manpages
#6 169.4   manpages-dev libc-devtools libfile-fcntllock-perl liblocale-gettext-perl
#6 169.4   psmisc
#6 169.7 The following NEW packages will be installed:
#6 169.7   binutils binutils-common binutils-x86-64-linux-gnu build-essential bzip2
#6 169.7   cmake cmake-data cpp cpp-12 dpkg-dev g++ g++-12 gcc gcc-12 libarchive13
#6 169.7   libasan8 libatomic1 libbinutils libc-dev-bin libc6-dev libcc1-0 libcrypt-dev
#6 169.7   libctf-nobfd0 libctf0 libcurl4 libdpkg-perl libgcc-12-dev libgomp1
#6 169.7   libgprofng0 libicu72 libisl23 libitm1 libjansson4 libjsoncpp25 liblsan0
#6 169.7   libmpc3 libmpfr6 libnsl-dev libproc2-0 libquadmath0 librhash0
#6 169.7   libstdc++-12-dev libtirpc-dev libtsan2 libubsan1 libuv1 libxml2
#6 169.7   linux-libc-dev make patch procps rpcsvc-proto xz-utils
#6 169.7 The following packages will be upgraded:
#6 169.7   dpkg libc-bin libc6 libcurl3-gnutls liblzma5
#6 176.3 5 upgraded, 53 newly installed, 0 to remove and 8 not upgraded.
#6 176.3 Need to get 94.6 MB of archives.
#6 176.3 After this operation, 350 MB of additional disk space will be used.
#6 176.3 Get:1 https://mirrors.aliyun.com/debian bookworm/main amd64 dpkg amd64 1.21.23 [1568 kB]
#6 203.6 Get:2 https://mirrors.aliyun.com/debian bookworm/main amd64 libc6 amd64 2.36-9+deb12u14 [2759 kB]
#6 248.4 Get:3 https://mirrors.aliyun.com/debian bookworm/main amd64 libc-bin amd64 2.36-9+deb12u14 [609 kB]
#6 260.1 Get:4 https://mirrors.aliyun.com/debian bookworm/main amd64 liblzma5 amd64 5.4.1-1+deb12u1 [206 kB]
#6 263.7 Get:5 https://mirrors.aliyun.com/debian bookworm/main amd64 libproc2-0 amd64 2:4.0.2-3 [62.8 kB]
#6 265.2 Get:6 https://mirrors.aliyun.com/debian bookworm/main amd64 procps amd64 2:4.0.2-3 [709 kB]
#6 277.6 Get:7 https://mirrors.aliyun.com/debian bookworm/main amd64 bzip2 amd64 1.0.8-5+b1 [49.8 kB]
#6 277.8 Get:8 https://mirrors.aliyun.com/debian bookworm/main amd64 xz-utils amd64 5.4.1-1+deb12u1 [471 kB]
#6 286.0 Get:9 https://mirrors.aliyun.com/debian bookworm/main amd64 binutils-common amd64 2.40-2 [2487 kB]
#6 328.1 Get:10 https://mirrors.aliyun.com/debian bookworm/main amd64 libbinutils amd64 2.40-2 [572 kB]
#6 338.3 Get:11 https://mirrors.aliyun.com/debian bookworm/main amd64 libctf-nobfd0 amd64 2.40-2 [153 kB]
#6 341.1 Get:12 https://mirrors.aliyun.com/debian bookworm/main amd64 libctf0 amd64 2.40-2 [89.8 kB]
#6 342.2 Get:13 https://mirrors.aliyun.com/debian bookworm/main amd64 libgprofng0 amd64 2.40-2 [812 kB]
#6 356.6 Get:14 https://mirrors.aliyun.com/debian bookworm/main amd64 libjansson4 amd64 2.14-2 [40.8 kB]
#6 357.6 Get:15 https://mirrors.aliyun.com/debian bookworm/main amd64 binutils-x86-64-linux-gnu amd64 2.40-2 [2246 kB]
#6 396.0 Get:16 https://mirrors.aliyun.com/debian bookworm/main amd64 binutils amd64 2.40-2 [65.0 kB]
#6 397.0 Get:17 https://mirrors.aliyun.com/debian bookworm/main amd64 libc-dev-bin amd64 2.36-9+deb12u14 [48.1 kB]
#6 397.8 Get:18 https://mirrors.aliyun.com/debian bookworm/main amd64 linux-libc-dev amd64 6.1.176-1 [2304 kB]
#6 438.4 Get:19 https://mirrors.aliyun.com/debian bookworm/main amd64 libcrypt-dev amd64 1:4.4.33-2 [118 kB]
#6 440.9 Get:20 https://mirrors.aliyun.com/debian bookworm/main amd64 libtirpc-dev amd64 1.3.3+ds-1 [191 kB]
#6 445.0 Get:21 https://mirrors.aliyun.com/debian bookworm/main amd64 libnsl-dev amd64 1.3.0-2 [66.4 kB]
#6 446.0 Get:22 https://mirrors.aliyun.com/debian bookworm/main amd64 rpcsvc-proto amd64 1.4.3-1 [63.3 kB]
#6 447.5 Get:23 https://mirrors.aliyun.com/debian bookworm/main amd64 libc6-dev amd64 2.36-9+deb12u14 [1904 kB]
#6 475.8 Get:24 https://mirrors.aliyun.com/debian bookworm/main amd64 libisl23 amd64 0.25-1.1 [683 kB]
#6 486.3 Get:25 https://mirrors.aliyun.com/debian bookworm/main amd64 libmpfr6 amd64 4.2.0-1 [701 kB]
#6 499.4 Get:26 https://mirrors.aliyun.com/debian bookworm/main amd64 libmpc3 amd64 1.3.1-1 [51.5 kB]
#6 500.7 Get:27 https://mirrors.aliyun.com/debian bookworm/main amd64 cpp-12 amd64 12.2.0-14+deb12u1 [9768 kB]
#6 669.1 Get:28 https://mirrors.aliyun.com/debian bookworm/main amd64 cpp amd64 4:12.2.0-3 [6836 B]
#6 669.1 Get:29 https://mirrors.aliyun.com/debian bookworm/main amd64 libcc1-0 amd64 12.2.0-14+deb12u1 [41.7 kB]
#6 670.4 Get:30 https://mirrors.aliyun.com/debian bookworm/main amd64 libgomp1 amd64 12.2.0-14+deb12u1 [116 kB]
#6 672.3 Get:31 https://mirrors.aliyun.com/debian bookworm/main amd64 libitm1 amd64 12.2.0-14+deb12u1 [26.1 kB]
#6 672.7 Get:32 https://mirrors.aliyun.com/debian bookworm/main amd64 libatomic1 amd64 12.2.0-14+deb12u1 [9376 B]
#6 673.0 Get:33 https://mirrors.aliyun.com/debian bookworm/main amd64 libasan8 amd64 12.2.0-14+deb12u1 [2193 kB]
#6 712.8 Get:34 https://mirrors.aliyun.com/debian bookworm/main amd64 liblsan0 amd64 12.2.0-14+deb12u1 [969 kB]
#6 729.1 Get:35 https://mirrors.aliyun.com/debian bookworm/main amd64 libtsan2 amd64 12.2.0-14+deb12u1 [2197 kB]
#6 764.6 Get:36 https://mirrors.aliyun.com/debian bookworm/main amd64 libubsan1 amd64 12.2.0-14+deb12u1 [883 kB]
#6 779.7 Get:37 https://mirrors.aliyun.com/debian bookworm/main amd64 libquadmath0 amd64 12.2.0-14+deb12u1 [145 kB]
#6 782.7 Get:38 https://mirrors.aliyun.com/debian bookworm/main amd64 libgcc-12-dev amd64 12.2.0-14+deb12u1 [2437 kB]
#6 819.1 Get:39 https://mirrors.aliyun.com/debian bookworm/main amd64 gcc-12 amd64 12.2.0-14+deb12u1 [19.3 MB]
#6 1158.6 Get:40 https://mirrors.aliyun.com/debian bookworm/main amd64 gcc amd64 4:12.2.0-3 [5216 B]
#6 1159.1 Get:41 https://mirrors.aliyun.com/debian bookworm/main amd64 libstdc++-12-dev amd64 12.2.0-14+deb12u1 [2047 kB]
#6 1196.6 Get:42 https://mirrors.aliyun.com/debian bookworm/main amd64 g++-12 amd64 12.2.0-14+deb12u1 [10.7 MB]
#6 1374.1 Get:43 https://mirrors.aliyun.com/debian bookworm/main amd64 g++ amd64 4:12.2.0-3 [1356 B]
#6 1374.1 Get:44 https://mirrors.aliyun.com/debian bookworm/main amd64 make amd64 4.3-4.1 [396 kB]
#6 1378.0 Get:45 https://mirrors.aliyun.com/debian bookworm/main amd64 libdpkg-perl all 1.21.23 [604 kB]
#6 1385.4 Get:46 https://mirrors.aliyun.com/debian bookworm/main amd64 patch amd64 2.7.6-7 [128 kB]
#6 1388.1 Get:47 https://mirrors.aliyun.com/debian bookworm/main amd64 dpkg-dev all 1.21.23 [1354 kB]
#6 1411.7 Get:48 https://mirrors.aliyun.com/debian bookworm/main amd64 build-essential amd64 12.9 [7704 B]
#6 1412.1 Get:49 https://mirrors.aliyun.com/debian bookworm/main amd64 libicu72 amd64 72.1-3+deb12u1 [9376 kB]
#6 1567.8 Get:50 https://mirrors.aliyun.com/debian bookworm/main amd64 libxml2 amd64 2.9.14+dfsg-1.3~deb12u6 [689 kB]
#6 1581.0 Get:51 https://mirrors.aliyun.com/debian bookworm/main amd64 libarchive13 amd64 3.6.2-1+deb12u4 [345 kB]
#6 1587.7 Get:52 https://mirrors.aliyun.com/debian bookworm/main amd64 libcurl4 amd64 7.88.1-10+deb12u15 [392 kB]
#6 1611.0 Get:53 https://mirrors.aliyun.com/debian bookworm/main amd64 libjsoncpp25 amd64 1.9.5-4 [78.6 kB]
#6 1612.5 Get:54 https://mirrors.aliyun.com/debian bookworm/main amd64 librhash0 amd64 1.4.3-3 [134 kB]
#6 1615.1 Get:55 https://mirrors.aliyun.com/debian bookworm/main amd64 libuv1 amd64 1.44.2-1+deb12u1 [136 kB]
#6 1617.3 Get:56 https://mirrors.aliyun.com/debian bookworm/main amd64 cmake-data all 3.25.1-1 [2026 kB]
#6 1661.4 Get:57 https://mirrors.aliyun.com/debian bookworm/main amd64 cmake amd64 3.25.1-1 [8692 kB]
#6 1807.7 Get:58 https://mirrors.aliyun.com/debian bookworm/main amd64 libcurl3-gnutls amd64 7.88.1-10+deb12u15 [386 kB]
#6 1814.7 debconf: delaying package configuration, since apt-utils is not installed
#6 1814.7 Fetched 94.6 MB in 27min 25s (57.5 kB/s)
#6 1814.7 (Reading database ... 
(Reading database ... 5%
(Reading database ... 10%
(Reading database ... 15%
(Reading database ... 20%
(Reading database ... 25%
(Reading database ... 30%
(Reading database ... 35%
(Reading database ... 40%
(Reading database ... 45%
(Reading database ... 50%
(Reading database ... 55%
(Reading database ... 60%
(Reading database ... 65%
(Reading database ... 70%
(Reading database ... 75%
(Reading database ... 80%
(Reading database ... 85%
(Reading database ... 90%
(Reading database ... 95%
(Reading database ... 100%
(Reading database ... 11002 files and directories currently installed.)
#6 1814.7 Preparing to unpack .../dpkg_1.21.23_amd64.deb ...
#6 1814.7 Unpacking dpkg (1.21.23) over (1.21.22) ...
#6 1814.8 Setting up dpkg (1.21.23) ...
#6 1815.0 (Reading database ... 
(Reading database ... 5%
(Reading database ... 10%
(Reading database ... 15%
(Reading database ... 20%
(Reading database ... 25%
(Reading database ... 30%
(Reading database ... 35%
(Reading database ... 40%
(Reading database ... 45%
(Reading database ... 50%
(Reading database ... 55%
(Reading database ... 60%
(Reading database ... 65%
(Reading database ... 70%
(Reading database ... 75%
(Reading database ... 80%
(Reading database ... 85%
(Reading database ... 90%
(Reading database ... 95%
(Reading database ... 100%
(Reading database ... 11002 files and directories currently installed.)
#6 1815.0 Preparing to unpack .../libc6_2.36-9+deb12u14_amd64.deb ...
#6 1815.0 debconf: unable to initialize frontend: Dialog
#6 1815.0 debconf: (TERM is not set, so the dialog frontend is not usable.)
#6 1815.0 debconf: falling back to frontend: Readline
#6 1815.0 debconf: unable to initialize frontend: Readline
#6 1815.0 debconf: (This frontend requires a controlling tty.)
#6 1815.0 debconf: falling back to frontend: Teletype
#6 1815.0 Unpacking libc6:amd64 (2.36-9+deb12u14) over (2.36-9+deb12u13) ...
#6 1815.3 Setting up libc6:amd64 (2.36-9+deb12u14) ...
#6 1815.4 debconf: unable to initialize frontend: Dialog
#6 1815.4 debconf: (TERM is not set, so the dialog frontend is not usable.)
#6 1815.4 debconf: falling back to frontend: Readline
#6 1815.4 debconf: unable to initialize frontend: Readline
#6 1815.4 debconf: (This frontend requires a controlling tty.)
#6 1815.4 debconf: falling back to frontend: Teletype
#6 1816.4 (Reading database ... 
(Reading database ... 5%
(Reading database ... 10%
(Reading database ... 15%
(Reading database ... 20%
(Reading database ... 25%
(Reading database ... 30%
(Reading database ... 35%
(Reading database ... 40%
(Reading database ... 45%
(Reading database ... 50%
(Reading database ... 55%
(Reading database ... 60%
(Reading database ... 65%
(Reading database ... 70%
(Reading database ... 75%
(Reading database ... 80%
(Reading database ... 85%
(Reading database ... 90%
(Reading database ... 95%
(Reading database ... 100%
(Reading database ... 11002 files and directories currently installed.)
#6 1816.4 Preparing to unpack .../libc-bin_2.36-9+deb12u14_amd64.deb ...
#6 1816.4 Unpacking libc-bin (2.36-9+deb12u14) over (2.36-9+deb12u13) ...
#6 1816.5 Setting up libc-bin (2.36-9+deb12u14) ...
#6 1816.5 (Reading database ... 
(Reading database ... 5%
(Reading database ... 10%
(Reading database ... 15%
(Reading database ... 20%
(Reading database ... 25%
(Reading database ... 30%
(Reading database ... 35%
(Reading database ... 40%
(Reading database ... 45%
(Reading database ... 50%
(Reading database ... 55%
(Reading database ... 60%
(Reading database ... 65%
(Reading database ... 70%
(Reading database ... 75%
(Reading database ... 80%
(Reading database ... 85%
(Reading database ... 90%
(Reading database ... 95%
(Reading database ... 100%
(Reading database ... 11002 files and directories currently installed.)
#6 1816.5 Preparing to unpack .../liblzma5_5.4.1-1+deb12u1_amd64.deb ...
#6 1816.5 Unpacking liblzma5:amd64 (5.4.1-1+deb12u1) over (5.4.1-1) ...
#6 1816.5 Setting up liblzma5:amd64 (5.4.1-1+deb12u1) ...
#6 1816.5 Selecting previously unselected package libproc2-0:amd64.
#6 1816.5 (Reading database ... 
(Reading database ... 5%
(Reading database ... 10%
(Reading database ... 15%
(Reading database ... 20%
(Reading database ... 25%
(Reading database ... 30%
(Reading database ... 35%
(Reading database ... 40%
(Reading database ... 45%
(Reading database ... 50%
(Reading database ... 55%
(Reading database ... 60%
(Reading database ... 65%
(Reading database ... 70%
(Reading database ... 75%
(Reading database ... 80%
(Reading database ... 85%
(Reading database ... 90%
(Reading database ... 95%
(Reading database ... 100%
(Reading database ... 11002 files and directories currently installed.)
#6 1816.5 Preparing to unpack .../00-libproc2-0_2%3a4.0.2-3_amd64.deb ...
#6 1816.5 Unpacking libproc2-0:amd64 (2:4.0.2-3) ...
#6 1816.6 Selecting previously unselected package procps.
#6 1816.6 Preparing to unpack .../01-procps_2%3a4.0.2-3_amd64.deb ...
#6 1816.6 Unpacking procps (2:4.0.2-3) ...
#6 1816.6 Selecting previously unselected package bzip2.
#6 1816.6 Preparing to unpack .../02-bzip2_1.0.8-5+b1_amd64.deb ...
#6 1816.6 Unpacking bzip2 (1.0.8-5+b1) ...
#6 1816.6 Selecting previously unselected package xz-utils.
#6 1816.6 Preparing to unpack .../03-xz-utils_5.4.1-1+deb12u1_amd64.deb ...
#6 1816.6 Unpacking xz-utils (5.4.1-1+deb12u1) ...
#6 1816.7 Selecting previously unselected package binutils-common:amd64.
#6 1816.7 Preparing to unpack .../04-binutils-common_2.40-2_amd64.deb ...
#6 1816.7 Unpacking binutils-common:amd64 (2.40-2) ...
#6 1816.8 Selecting previously unselected package libbinutils:amd64.
#6 1816.9 Preparing to unpack .../05-libbinutils_2.40-2_amd64.deb ...
#6 1816.9 Unpacking libbinutils:amd64 (2.40-2) ...
#6 1816.9 Selecting previously unselected package libctf-nobfd0:amd64.
#6 1816.9 Preparing to unpack .../06-libctf-nobfd0_2.40-2_amd64.deb ...
#6 1816.9 Unpacking libctf-nobfd0:amd64 (2.40-2) ...
#6 1816.9 Selecting previously unselected package libctf0:amd64.
#6 1816.9 Preparing to unpack .../07-libctf0_2.40-2_amd64.deb ...
#6 1816.9 Unpacking libctf0:amd64 (2.40-2) ...
#6 1816.9 Selecting previously unselected package libgprofng0:amd64.
#6 1816.9 Preparing to unpack .../08-libgprofng0_2.40-2_amd64.deb ...
#6 1816.9 Unpacking libgprofng0:amd64 (2.40-2) ...
#6 1817.0 Selecting previously unselected package libjansson4:amd64.
#6 1817.0 Preparing to unpack .../09-libjansson4_2.14-2_amd64.deb ...
#6 1817.0 Unpacking libjansson4:amd64 (2.14-2) ...
#6 1817.0 Selecting previously unselected package binutils-x86-64-linux-gnu.
#6 1817.0 Preparing to unpack .../10-binutils-x86-64-linux-gnu_2.40-2_amd64.deb ...
#6 1817.0 Unpacking binutils-x86-64-linux-gnu (2.40-2) ...
#6 1817.2 Selecting previously unselected package binutils.
#6 1817.2 Preparing to unpack .../11-binutils_2.40-2_amd64.deb ...
#6 1817.2 Unpacking binutils (2.40-2) ...
#6 1817.2 Selecting previously unselected package libc-dev-bin.
#6 1817.2 Preparing to unpack .../12-libc-dev-bin_2.36-9+deb12u14_amd64.deb ...
#6 1817.2 Unpacking libc-dev-bin (2.36-9+deb12u14) ...
#6 1817.2 Selecting previously unselected package linux-libc-dev:amd64.
#6 1817.2 Preparing to unpack .../13-linux-libc-dev_6.1.176-1_amd64.deb ...
#6 1817.2 Unpacking linux-libc-dev:amd64 (6.1.176-1) ...
#6 1817.3 Selecting previously unselected package libcrypt-dev:amd64.
#6 1817.3 Preparing to unpack .../14-libcrypt-dev_1%3a4.4.33-2_amd64.deb ...
#6 1817.3 Unpacking libcrypt-dev:amd64 (1:4.4.33-2) ...
#6 1817.3 Selecting previously unselected package libtirpc-dev:amd64.
#6 1817.3 Preparing to unpack .../15-libtirpc-dev_1.3.3+ds-1_amd64.deb ...
#6 1817.3 Unpacking libtirpc-dev:amd64 (1.3.3+ds-1) ...
#6 1817.3 Selecting previously unselected package libnsl-dev:amd64.
#6 1817.3 Preparing to unpack .../16-libnsl-dev_1.3.0-2_amd64.deb ...
#6 1817.3 Unpacking libnsl-dev:amd64 (1.3.0-2) ...
#6 1817.4 Selecting previously unselected package rpcsvc-proto.
#6 1817.4 Preparing to unpack .../17-rpcsvc-proto_1.4.3-1_amd64.deb ...
#6 1817.4 Unpacking rpcsvc-proto (1.4.3-1) ...
#6 1817.4 Selecting previously unselected package libc6-dev:amd64.
#6 1817.4 Preparing to unpack .../18-libc6-dev_2.36-9+deb12u14_amd64.deb ...
#6 1817.4 Unpacking libc6-dev:amd64 (2.36-9+deb12u14) ...
#6 1817.5 Selecting previously unselected package libisl23:amd64.
#6 1817.5 Preparing to unpack .../19-libisl23_0.25-1.1_amd64.deb ...
#6 1817.5 Unpacking libisl23:amd64 (0.25-1.1) ...
#6 1817.6 Selecting previously unselected package libmpfr6:amd64.
#6 1817.6 Preparing to unpack .../20-libmpfr6_4.2.0-1_amd64.deb ...
#6 1817.6 Unpacking libmpfr6:amd64 (4.2.0-1) ...
#6 1817.6 Selecting previously unselected package libmpc3:amd64.
#6 1817.6 Preparing to unpack .../21-libmpc3_1.3.1-1_amd64.deb ...
#6 1817.6 Unpacking libmpc3:amd64 (1.3.1-1) ...
#6 1817.6 Selecting previously unselected package cpp-12.
#6 1817.6 Preparing to unpack .../22-cpp-12_12.2.0-14+deb12u1_amd64.deb ...
#6 1817.6 Unpacking cpp-12 (12.2.0-14+deb12u1) ...
#6 1818.2 Selecting previously unselected package cpp.
#6 1818.2 Preparing to unpack .../23-cpp_4%3a12.2.0-3_amd64.deb ...
#6 1818.2 Unpacking cpp (4:12.2.0-3) ...
#6 1818.2 Selecting previously unselected package libcc1-0:amd64.
#6 1818.2 Preparing to unpack .../24-libcc1-0_12.2.0-14+deb12u1_amd64.deb ...
#6 1818.2 Unpacking libcc1-0:amd64 (12.2.0-14+deb12u1) ...
#6 1818.2 Selecting previously unselected package libgomp1:amd64.
#6 1818.2 Preparing to unpack .../25-libgomp1_12.2.0-14+deb12u1_amd64.deb ...
#6 1818.2 Unpacking libgomp1:amd64 (12.2.0-14+deb12u1) ...
#6 1818.2 Selecting previously unselected package libitm1:amd64.
#6 1818.2 Preparing to unpack .../26-libitm1_12.2.0-14+deb12u1_amd64.deb ...
#6 1818.2 Unpacking libitm1:amd64 (12.2.0-14+deb12u1) ...
#6 1818.3 Selecting previously unselected package libatomic1:amd64.
#6 1818.3 Preparing to unpack .../27-libatomic1_12.2.0-14+deb12u1_amd64.deb ...
#6 1818.3 Unpacking libatomic1:amd64 (12.2.0-14+deb12u1) ...
#6 1818.3 Selecting previously unselected package libasan8:amd64.
#6 1818.3 Preparing to unpack .../28-libasan8_12.2.0-14+deb12u1_amd64.deb ...
#6 1818.3 Unpacking libasan8:amd64 (12.2.0-14+deb12u1) ...
#6 1818.4 Selecting previously unselected package liblsan0:amd64.
#6 1818.4 Preparing to unpack .../29-liblsan0_12.2.0-14+deb12u1_amd64.deb ...
#6 1818.4 Unpacking liblsan0:amd64 (12.2.0-14+deb12u1) ...
#6 1818.5 Selecting previously unselected package libtsan2:amd64.
#6 1818.5 Preparing to unpack .../30-libtsan2_12.2.0-14+deb12u1_amd64.deb ...
#6 1818.5 Unpacking libtsan2:amd64 (12.2.0-14+deb12u1) ...
#6 1818.7 Selecting previously unselected package libubsan1:amd64.
#6 1818.7 Preparing to unpack .../31-libubsan1_12.2.0-14+deb12u1_amd64.deb ...
#6 1818.7 Unpacking libubsan1:amd64 (12.2.0-14+deb12u1) ...
#6 1818.8 Selecting previously unselected package libquadmath0:amd64.
#6 1818.8 Preparing to unpack .../32-libquadmath0_12.2.0-14+deb12u1_amd64.deb ...
#6 1818.8 Unpacking libquadmath0:amd64 (12.2.0-14+deb12u1) ...
#6 1818.8 Selecting previously unselected package libgcc-12-dev:amd64.
#6 1818.8 Preparing to unpack .../33-libgcc-12-dev_12.2.0-14+deb12u1_amd64.deb ...
#6 1818.8 Unpacking libgcc-12-dev:amd64 (12.2.0-14+deb12u1) ...
#6 1819.0 Selecting previously unselected package gcc-12.
#6 1819.0 Preparing to unpack .../34-gcc-12_12.2.0-14+deb12u1_amd64.deb ...
#6 1819.0 Unpacking gcc-12 (12.2.0-14+deb12u1) ...
#6 1819.6 Selecting previously unselected package gcc.
#6 1819.6 Preparing to unpack .../35-gcc_4%3a12.2.0-3_amd64.deb ...
#6 1819.6 Unpacking gcc (4:12.2.0-3) ...
#6 1819.6 Selecting previously unselected package libstdc++-12-dev:amd64.
#6 1819.6 Preparing to unpack .../36-libstdc++-12-dev_12.2.0-14+deb12u1_amd64.deb ...
#6 1819.6 Unpacking libstdc++-12-dev:amd64 (12.2.0-14+deb12u1) ...
#6 1819.8 Selecting previously unselected package g++-12.
#6 1819.8 Preparing to unpack .../37-g++-12_12.2.0-14+deb12u1_amd64.deb ...
#6 1819.8 Unpacking g++-12 (12.2.0-14+deb12u1) ...
#6 1820.4 Selecting previously unselected package g++.
#6 1820.4 Preparing to unpack .../38-g++_4%3a12.2.0-3_amd64.deb ...
#6 1820.4 Unpacking g++ (4:12.2.0-3) ...
#6 1820.4 Selecting previously unselected package make.
#6 1820.4 Preparing to unpack .../39-make_4.3-4.1_amd64.deb ...
#6 1820.4 Unpacking make (4.3-4.1) ...
#6 1820.5 Selecting previously unselected package libdpkg-perl.
#6 1820.5 Preparing to unpack .../40-libdpkg-perl_1.21.23_all.deb ...
#6 1820.5 Unpacking libdpkg-perl (1.21.23) ...
#6 1820.5 Selecting previously unselected package patch.
#6 1820.5 Preparing to unpack .../41-patch_2.7.6-7_amd64.deb ...
#6 1820.5 Unpacking patch (2.7.6-7) ...
#6 1820.5 Selecting previously unselected package dpkg-dev.
#6 1820.5 Preparing to unpack .../42-dpkg-dev_1.21.23_all.deb ...
#6 1820.5 Unpacking dpkg-dev (1.21.23) ...
#6 1820.6 Selecting previously unselected package build-essential.
#6 1820.6 Preparing to unpack .../43-build-essential_12.9_amd64.deb ...
#6 1820.6 Unpacking build-essential (12.9) ...
#6 1820.6 Selecting previously unselected package libicu72:amd64.
#6 1820.6 Preparing to unpack .../44-libicu72_72.1-3+deb12u1_amd64.deb ...
#6 1820.6 Unpacking libicu72:amd64 (72.1-3+deb12u1) ...
#6 1821.1 Selecting previously unselected package libxml2:amd64.
#6 1821.1 Preparing to unpack .../45-libxml2_2.9.14+dfsg-1.3~deb12u6_amd64.deb ...
#6 1821.1 Unpacking libxml2:amd64 (2.9.14+dfsg-1.3~deb12u6) ...
#6 1821.2 Selecting previously unselected package libarchive13:amd64.
#6 1821.2 Preparing to unpack .../46-libarchive13_3.6.2-1+deb12u4_amd64.deb ...
#6 1821.2 Unpacking libarchive13:amd64 (3.6.2-1+deb12u4) ...
#6 1821.2 Selecting previously unselected package libcurl4:amd64.
#6 1821.2 Preparing to unpack .../47-libcurl4_7.88.1-10+deb12u15_amd64.deb ...
#6 1821.2 Unpacking libcurl4:amd64 (7.88.1-10+deb12u15) ...
#6 1821.3 Selecting previously unselected package libjsoncpp25:amd64.
#6 1821.3 Preparing to unpack .../48-libjsoncpp25_1.9.5-4_amd64.deb ...
#6 1821.3 Unpacking libjsoncpp25:amd64 (1.9.5-4) ...
#6 1821.3 Selecting previously unselected package librhash0:amd64.
#6 1821.3 Preparing to unpack .../49-librhash0_1.4.3-3_amd64.deb ...
#6 1821.3 Unpacking librhash0:amd64 (1.4.3-3) ...
#6 1821.3 Selecting previously unselected package libuv1:amd64.
#6 1821.3 Preparing to unpack .../50-libuv1_1.44.2-1+deb12u1_amd64.deb ...
#6 1821.3 Unpacking libuv1:amd64 (1.44.2-1+deb12u1) ...
#6 1821.3 Selecting previously unselected package cmake-data.
#6 1821.3 Preparing to unpack .../51-cmake-data_3.25.1-1_all.deb ...
#6 1821.3 Unpacking cmake-data (3.25.1-1) ...
#6 1821.5 Selecting previously unselected package cmake.
#6 1821.5 Preparing to unpack .../52-cmake_3.25.1-1_amd64.deb ...
#6 1821.5 Unpacking cmake (3.25.1-1) ...
#6 1822.1 Preparing to unpack .../53-libcurl3-gnutls_7.88.1-10+deb12u15_amd64.deb ...
#6 1822.1 Unpacking libcurl3-gnutls:amd64 (7.88.1-10+deb12u15) over (7.88.1-10+deb12u14) ...
#6 1822.1 Setting up libicu72:amd64 (72.1-3+deb12u1) ...
#6 1822.1 Setting up binutils-common:amd64 (2.40-2) ...
#6 1822.1 Setting up linux-libc-dev:amd64 (6.1.176-1) ...
#6 1822.1 Setting up libctf-nobfd0:amd64 (2.40-2) ...
#6 1822.1 Setting up libcurl3-gnutls:amd64 (7.88.1-10+deb12u15) ...
#6 1822.1 Setting up libgomp1:amd64 (12.2.0-14+deb12u1) ...
#6 1822.1 Setting up bzip2 (1.0.8-5+b1) ...
#6 1822.1 Setting up libjansson4:amd64 (2.14-2) ...
#6 1822.1 Setting up libtirpc-dev:amd64 (1.3.3+ds-1) ...
#6 1822.1 Setting up libuv1:amd64 (1.44.2-1+deb12u1) ...
#6 1822.1 Setting up rpcsvc-proto (1.4.3-1) ...
#6 1822.1 Setting up make (4.3-4.1) ...
#6 1822.1 Setting up libmpfr6:amd64 (4.2.0-1) ...
#6 1822.1 Setting up xz-utils (5.4.1-1+deb12u1) ...
#6 1822.1 update-alternatives: using /usr/bin/xz to provide /usr/bin/lzma (lzma) in auto mode
#6 1822.1 update-alternatives: warning: skip creation of /usr/share/man/man1/lzma.1.gz because associated file /usr/share/man/man1/xz.1.gz (of link group lzma) doesn't exist
#6 1822.1 update-alternatives: warning: skip creation of /usr/share/man/man1/unlzma.1.gz because associated file /usr/share/man/man1/unxz.1.gz (of link group lzma) doesn't exist
#6 1822.1 update-alternatives: warning: skip creation of /usr/share/man/man1/lzcat.1.gz because associated file /usr/share/man/man1/xzcat.1.gz (of link group lzma) doesn't exist
#6 1822.1 update-alternatives: warning: skip creation of /usr/share/man/man1/lzmore.1.gz because associated file /usr/share/man/man1/xzmore.1.gz (of link group lzma) doesn't exist
#6 1822.1 update-alternatives: warning: skip creation of /usr/share/man/man1/lzless.1.gz because associated file /usr/share/man/man1/xzless.1.gz (of link group lzma) doesn't exist
#6 1822.1 update-alternatives: warning: skip creation of /usr/share/man/man1/lzdiff.1.gz because associated file /usr/share/man/man1/xzdiff.1.gz (of link group lzma) doesn't exist
#6 1822.1 update-alternatives: warning: skip creation of /usr/share/man/man1/lzcmp.1.gz because associated file /usr/share/man/man1/xzcmp.1.gz (of link group lzma) doesn't exist
#6 1822.1 update-alternatives: warning: skip creation of /usr/share/man/man1/lzgrep.1.gz because associated file /usr/share/man/man1/xzgrep.1.gz (of link group lzma) doesn't exist
#6 1822.1 update-alternatives: warning: skip creation of /usr/share/man/man1/lzegrep.1.gz because associated file /usr/share/man/man1/xzegrep.1.gz (of link group lzma) doesn't exist
#6 1822.1 update-alternatives: warning: skip creation of /usr/share/man/man1/lzfgrep.1.gz because associated file /usr/share/man/man1/xzfgrep.1.gz (of link group lzma) doesn't exist
#6 1822.2 Setting up libquadmath0:amd64 (12.2.0-14+deb12u1) ...
#6 1822.2 Setting up libproc2-0:amd64 (2:4.0.2-3) ...
#6 1822.2 Setting up libmpc3:amd64 (1.3.1-1) ...
#6 1822.2 Setting up libatomic1:amd64 (12.2.0-14+deb12u1) ...
#6 1822.2 Setting up patch (2.7.6-7) ...
#6 1822.2 Setting up libjsoncpp25:amd64 (1.9.5-4) ...
#6 1822.2 Setting up libdpkg-perl (1.21.23) ...
#6 1822.2 Setting up libubsan1:amd64 (12.2.0-14+deb12u1) ...
#6 1822.2 Setting up libnsl-dev:amd64 (1.3.0-2) ...
#6 1822.2 Setting up librhash0:amd64 (1.4.3-3) ...
#6 1822.2 Setting up libcrypt-dev:amd64 (1:4.4.33-2) ...
#6 1822.2 Setting up libasan8:amd64 (12.2.0-14+deb12u1) ...
#6 1822.2 Setting up procps (2:4.0.2-3) ...
#6 1822.2 Setting up libcurl4:amd64 (7.88.1-10+deb12u15) ...
#6 1822.2 Setting up cmake-data (3.25.1-1) ...
#6 1822.2 Setting up libtsan2:amd64 (12.2.0-14+deb12u1) ...
#6 1822.2 Setting up libbinutils:amd64 (2.40-2) ...
#6 1822.2 Setting up libisl23:amd64 (0.25-1.1) ...
#6 1822.2 Setting up libc-dev-bin (2.36-9+deb12u14) ...
#6 1822.2 Setting up libxml2:amd64 (2.9.14+dfsg-1.3~deb12u6) ...
#6 1822.2 Setting up libcc1-0:amd64 (12.2.0-14+deb12u1) ...
#6 1822.2 Setting up liblsan0:amd64 (12.2.0-14+deb12u1) ...
#6 1822.2 Setting up libitm1:amd64 (12.2.0-14+deb12u1) ...
#6 1822.2 Setting up libctf0:amd64 (2.40-2) ...
#6 1822.2 Setting up cpp-12 (12.2.0-14+deb12u1) ...
#6 1822.2 Setting up libarchive13:amd64 (3.6.2-1+deb12u4) ...
#6 1822.2 Setting up libgprofng0:amd64 (2.40-2) ...
#6 1822.2 Setting up libgcc-12-dev:amd64 (12.2.0-14+deb12u1) ...
#6 1822.3 Setting up cpp (4:12.2.0-3) ...
#6 1822.3 Setting up cmake (3.25.1-1) ...
#6 1822.3 Setting up libc6-dev:amd64 (2.36-9+deb12u14) ...
#6 1822.3 Setting up binutils-x86-64-linux-gnu (2.40-2) ...
#6 1822.3 Setting up libstdc++-12-dev:amd64 (12.2.0-14+deb12u1) ...
#6 1822.3 Setting up binutils (2.40-2) ...
#6 1822.3 Setting up dpkg-dev (1.21.23) ...
#6 1822.3 Setting up gcc-12 (12.2.0-14+deb12u1) ...
#6 1822.3 Setting up g++-12 (12.2.0-14+deb12u1) ...
#6 1822.3 Setting up gcc (4:12.2.0-3) ...
#6 1822.3 Setting up g++ (4:12.2.0-3) ...
#6 1822.3 update-alternatives: using /usr/bin/g++ to provide /usr/bin/c++ (c++) in auto mode
#6 1822.3 Setting up build-essential (12.9) ...
#6 1822.3 Processing triggers for libc-bin (2.36-9+deb12u14) ...
#6 DONE 1822.4s

#7 [3/5] COPY repo/ /workspace/
#7 DONE 0.0s

#8 [4/5] COPY SKILL.md /skills/compiler-hardening/SKILL.md
#8 DONE 0.0s

#9 [5/5] RUN cd /workspace && git add -A && git commit -q -m "base: compiler-hardening" || true
#9 DONE 0.1s

#10 exporting to image
#10 exporting layers
#10 exporting layers 0.8s done
#10 writing image sha256:0efcf540898240396d7ba656e59c85cd69fc4ce322edc4873696f693fb4d8ff1 done
#10 naming to docker.io/skillrace/compiler-hardening:base-construction-0.73.1 done
#10 naming to docker.io/skillrace/compiler-hardening:base done
#10 DONE 0.8s
