#0 building with "default" instance using docker driver

#1 [internal] load build definition from Containerfile.base
#1 transferring dockerfile: 598B done
#1 DONE 0.0s

#2 [1/4] FROM docker.io/skillrace/skillgen-base:0.73.1-construction
#2 CACHED

#3 [internal] load metadata for docker.io/skillrace/skillgen-base:0.73.1-construction
#3 DONE 0.0s

#4 [internal] load .dockerignore
#4 transferring context: 2B done
#4 DONE 0.0s

#5 [internal] load build context
#5 transferring context: 87B done
#5 DONE 0.0s

#6 [3/5] COPY repo/    /workspace/
#6 CACHED

#7 [4/5] COPY SKILL.md /skills/yaml-config/SKILL.md
#7 CACHED

#8 [2/5] RUN apt-get update     && apt-get install -y --no-install-recommends python3-pip     && rm -rf /var/lib/apt/lists/*     && python3 -m pip install --break-system-packages --no-cache-dir pyyaml==6.0.3
#8 CACHED

#9 [5/5] RUN cd /workspace && git add -A && git commit -q -m "base: yaml-config" || true
#9 CACHED

#10 exporting to image
#10 exporting layers done
#10 writing image sha256:83ffceaeaf26443f3c25f2c708e969b153e0f8f8c36a9aa2b3f3dec2ab86c913 done
#10 naming to docker.io/skillrace/yaml-config:base-construction-0.73.1 done
#10 naming to docker.io/skillrace/yaml-config:base done
#10 DONE 0.0s
