#0 building with "default" instance using docker driver

#1 [internal] load build definition from Containerfile.base
#1 transferring dockerfile: 379B done
#1 DONE 0.0s

#2 [internal] load metadata for docker.io/skillrace/skillgen-base:0.73.1-construction
#2 DONE 0.0s

#3 [internal] load .dockerignore
#3 transferring context: 2B done
#3 DONE 0.0s

#4 [1/4] FROM docker.io/skillrace/skillgen-base:0.73.1-construction
#4 CACHED

#5 [internal] load build context
#5 transferring context: 87B done
#5 DONE 0.0s

#6 [2/4] COPY repo/    /workspace/
#6 CACHED

#7 [3/4] COPY SKILL.md /skills/cli-argparse-fix/SKILL.md
#7 CACHED

#8 [4/4] RUN cd /workspace && git add -A && git commit -q -m "base: cli-argparse-fix" || true
#8 CACHED

#9 exporting to image
#9 exporting layers done
#9 writing image sha256:dfe04839d10d7088b74fe2df113d2426958c4d1cf15498914e93ddd851433a27 done
#9 naming to docker.io/skillrace/cli-argparse-fix:base-construction-0.73.1 done
#9 naming to docker.io/skillrace/cli-argparse-fix:base done
#9 DONE 0.0s
