#0 building with "default" instance using docker driver

#1 [1/4] FROM docker.io/skillrace/skillgen-base:0.73.1-construction
#1 CACHED

#2 [internal] load build definition from Containerfile.base
#2 transferring dockerfile: 623B done
#2 DONE 0.0s

#3 [internal] load metadata for docker.io/skillrace/skillgen-base:0.73.1-construction
#3 DONE 0.0s

#4 [internal] load .dockerignore
#4 transferring context: 2B done
#4 DONE 0.0s

#5 [internal] load build context
#5 transferring context: 87B done
#5 DONE 0.0s

#6 [2/5] RUN apt-get update     && apt-get install -y --no-install-recommends python3-pip     && rm -rf /var/lib/apt/lists/*     && python3 -m pip install --break-system-packages --no-cache-dir --timeout 180 --retries 10 sqlmodel==0.0.39
#6 5.747 Get:1 http://deb.debian.org/debian bookworm InRelease [151 kB]
#6 6.991 Get:2 http://deb.debian.org/debian bookworm-updates InRelease [55.4 kB]
#6 8.417 Get:3 http://deb.debian.org/debian-security bookworm-security InRelease [48.0 kB]
#6 9.995 Get:4 http://deb.debian.org/debian bookworm/main amd64 Packages [8790 kB]
#6 681.1 Get:5 http://deb.debian.org/debian bookworm-updates/main amd64 Packages [6924 B]
#6 681.4 Get:6 http://deb.debian.org/debian-security bookworm-security/main amd64 Packages [316 kB]
#6 734.3 Fetched 9367 kB in 12min 14s (12.8 kB/s)
#6 734.3 Reading package lists...
#6 734.7 Reading package lists...
#6 735.2 Building dependency tree...
#6 735.3 Reading state information...
#6 735.4 The following additional packages will be installed:
#6 735.4   python3-distutils python3-lib2to3 python3-setuptools python3-wheel
#6 735.4 Suggested packages:
#6 735.4   python-setuptools-doc
#6 735.4 Recommended packages:
#6 735.4   build-essential python3-dev
#6 735.5 The following NEW packages will be installed:
#6 735.5   python3-distutils python3-lib2to3 python3-pip python3-setuptools
#6 735.5   python3-wheel
#6 741.1 0 upgraded, 5 newly installed, 0 to remove and 13 not upgraded.
#6 741.1 Need to get 2085 kB of archives.
#6 741.1 After this operation, 10.6 MB of additional disk space will be used.
#6 741.1 Get:1 http://deb.debian.org/debian bookworm/main amd64 python3-lib2to3 all 3.11.2-3 [76.3 kB]
#6 742.0 Get:2 http://deb.debian.org/debian bookworm/main amd64 python3-distutils all 3.11.2-3 [131 kB]
#6 742.9 Get:3 http://deb.debian.org/debian bookworm/main amd64 python3-setuptools all 66.1.1-1+deb12u2 [522 kB]
#6 766.0 Get:4 http://deb.debian.org/debian bookworm/main amd64 python3-wheel all 0.38.4-2 [30.8 kB]
#6 769.2 Get:5 http://deb.debian.org/debian bookworm/main amd64 python3-pip all 23.0.1+dfsg-1 [1325 kB]
#6 847.8 debconf: delaying package configuration, since apt-utils is not installed
#6 847.9 Fetched 2085 kB in 1min 52s (18.6 kB/s)
#6 847.9 Selecting previously unselected package python3-lib2to3.
#6 847.9 (Reading database ... 
(Reading database ... 5%
(Reading database ... 10%
(Reading database ... 15%
(Reading database ... 20%
(Reading database ... 25%
(Reading database ... 30%
(Reading database ... 35%
(Reading database ... 40%
(Reading database ... 45%
(Reading database ... 50%
(Reading database ... 55%
(Reading database ... 60%
(Reading database ... 65%
(Reading database ... 70%
(Reading database ... 75%
(Reading database ... 80%
(Reading database ... 85%
(Reading database ... 90%
(Reading database ... 95%
(Reading database ... 100%
(Reading database ... 11002 files and directories currently installed.)
#6 847.9 Preparing to unpack .../python3-lib2to3_3.11.2-3_all.deb ...
#6 847.9 Unpacking python3-lib2to3 (3.11.2-3) ...
#6 847.9 Selecting previously unselected package python3-distutils.
#6 847.9 Preparing to unpack .../python3-distutils_3.11.2-3_all.deb ...
#6 847.9 Unpacking python3-distutils (3.11.2-3) ...
#6 847.9 Selecting previously unselected package python3-setuptools.
#6 847.9 Preparing to unpack .../python3-setuptools_66.1.1-1+deb12u2_all.deb ...
#6 847.9 Unpacking python3-setuptools (66.1.1-1+deb12u2) ...
#6 848.0 Selecting previously unselected package python3-wheel.
#6 848.0 Preparing to unpack .../python3-wheel_0.38.4-2_all.deb ...
#6 848.0 Unpacking python3-wheel (0.38.4-2) ...
#6 848.0 Selecting previously unselected package python3-pip.
#6 848.0 Preparing to unpack .../python3-pip_23.0.1+dfsg-1_all.deb ...
#6 848.0 Unpacking python3-pip (23.0.1+dfsg-1) ...
#6 848.1 Setting up python3-lib2to3 (3.11.2-3) ...
#6 848.1 Setting up python3-distutils (3.11.2-3) ...
#6 848.2 Setting up python3-setuptools (66.1.1-1+deb12u2) ...
#6 848.5 Setting up python3-wheel (0.38.4-2) ...
#6 848.6 Setting up python3-pip (23.0.1+dfsg-1) ...
#6 855.4 Collecting sqlmodel==0.0.39
#6 861.2   Downloading sqlmodel-0.0.39-py3-none-any.whl (29 kB)
#6 897.5 Collecting SQLAlchemy<2.1.0,>=2.0.14
#6 897.7   Downloading sqlalchemy-2.0.51-cp311-cp311-manylinux2014_x86_64.manylinux_2_17_x86_64.manylinux_2_28_x86_64.whl (3.3 MB)
#6 1147.1      ━━━━━━━━━━━━━━━━━━━━━━━━━━━━━━━━━━━━━━━━ 3.3/3.3 MB 11.7 kB/s eta 0:00:00
#6 1158.5 Collecting pydantic>=2.11.0
#6 1158.7   Downloading pydantic-2.13.4-py3-none-any.whl (472 kB)
#6 1190.6      ━━━━━━━━━━━━━━━━━━━━━━━━━━━━━━━━━━━━━━ 472.3/472.3 kB 14.7 kB/s eta 0:00:00
#6 1192.7 Collecting typing-extensions>=4.5.0
#6 1192.9   Downloading typing_extensions-4.16.0-py3-none-any.whl (45 kB)
#6 1194.2      ━━━━━━━━━━━━━━━━━━━━━━━━━━━━━━━━━━━━━━━━ 45.6/45.6 kB 47.8 kB/s eta 0:00:00
#6 1194.6 Collecting annotated-types>=0.6.0
#6 1194.8   Downloading annotated_types-0.7.0-py3-none-any.whl (13 kB)
#6 1368.0 Collecting pydantic-core==2.46.4
#6 1368.3   Downloading pydantic_core-2.46.4-cp311-cp311-manylinux_2_17_x86_64.manylinux2014_x86_64.whl (2.1 MB)
#6 1513.7      ━━━━━━━━━━━━━━━━━━━━━━━━━━━━━━━━━━━━━━━━ 2.1/2.1 MB 17.9 kB/s eta 0:00:00
#6 1515.5 Collecting typing-inspection>=0.4.2
#6 1515.8   Downloading typing_inspection-0.4.2-py3-none-any.whl (14 kB)
#6 1539.3 Collecting greenlet>=1
#6 1539.5   Downloading greenlet-3.5.3-cp311-cp311-manylinux_2_24_x86_64.manylinux_2_28_x86_64.whl (617 kB)
#6 1590.3      ━━━━━━━━━━━━━━━━━━━━━━━━━━━━━━━━━━━━━━ 617.4/617.4 kB 14.2 kB/s eta 0:00:00
#6 1590.4 Installing collected packages: typing-extensions, greenlet, annotated-types, typing-inspection, SQLAlchemy, pydantic-core, pydantic, sqlmodel
#6 1591.3 Successfully installed SQLAlchemy-2.0.51 annotated-types-0.7.0 greenlet-3.5.3 pydantic-2.13.4 pydantic-core-2.46.4 sqlmodel-0.0.39 typing-extensions-4.16.0 typing-inspection-0.4.2
#6 1591.3 WARNING: Running pip as the 'root' user can result in broken permissions and conflicting behaviour with the system package manager. It is recommended to use a virtual environment instead: https://pip.pypa.io/warnings/venv
#6 DONE 1591.6s

#7 [3/5] COPY repo/    /workspace/
#7 DONE 0.0s

#8 [4/5] COPY SKILL.md /skills/sqlmodel-orm/SKILL.md
#8 DONE 0.0s

#9 [5/5] RUN cd /workspace && git add -A && git commit -q -m "base: sqlmodel-orm" || true
#9 DONE 0.1s

#10 exporting to image
#10 exporting layers
#10 exporting layers 0.2s done
#10 writing image sha256:53ee3a780372da7cf11f6520920dd05140b94f32f2294819a8cadfc9facb10f2 done
#10 naming to docker.io/skillrace/sqlmodel-orm:base-construction-0.73.1 done
#10 naming to docker.io/skillrace/sqlmodel-orm:base done
#10 DONE 0.2s
