#0 building with "default" instance using docker driver

#1 [1/4] FROM docker.io/skillrace/skillgen-base:0.73.1-construction
#1 CACHED

#2 [internal] load build definition from Containerfile.base
#2 transferring dockerfile: 423B done
#2 DONE 0.0s

#3 [internal] load metadata for docker.io/skillrace/skillgen-base:0.73.1-construction
#3 DONE 0.0s

#4 [internal] load .dockerignore
#4 transferring context: 2B done
#4 DONE 0.0s

#5 [internal] load build context
#5 transferring context: 87B done
#5 DONE 0.0s

#6 [3/5] COPY repo/ /workspace/
#6 CACHED

#7 [4/5] COPY SKILL.md /skills/rest-api-caller/SKILL.md
#7 CACHED

#8 [2/5] RUN apt-get update     && apt-get install -y --no-install-recommends python3-requests     && rm -rf /var/lib/apt/lists/*
#8 CACHED

#9 [5/5] RUN cd /workspace && git add -A && git commit -q -m "base: rest-api-caller" || true
#9 CACHED

#10 exporting to image
#10 exporting layers done
#10 writing image sha256:1d8addaf3a5259dc886dcbde0b4a328a0f68c6946a36628bc795d40ff7c68d1d done
#10 naming to docker.io/skillrace/rest-api-caller:base-construction-0.73.1 done
#10 naming to docker.io/skillrace/rest-api-caller:base done
#10 DONE 0.0s
