#0 building with "default" instance using docker driver

#1 [internal] load build definition from Containerfile.base
#1 transferring dockerfile: 449B done
#1 DONE 0.0s

#2 [1/4] FROM docker.io/skillrace/skillgen-base:0.73.1-construction
#2 CACHED

#3 [internal] load metadata for docker.io/skillrace/skillgen-base:0.73.1-construction
#3 DONE 0.0s

#4 [internal] load .dockerignore
#4 transferring context: 2B done
#4 DONE 0.0s

#5 [internal] load build context
#5 transferring context: 87B done
#5 DONE 0.0s

#6 [2/4] COPY repo/    /workspace/
#6 CACHED

#7 [3/4] COPY SKILL.md /skills/finishing-a-development-branch/SKILL.md
#7 CACHED

#8 [4/4] RUN cd /workspace && git add -A && git commit -q -m "base: finishing-a-development-branch workspace" || true
#8 CACHED

#9 exporting to image
#9 exporting layers done
#9 writing image sha256:dc49014db86eee8c9260df151fe5a8f4969d7d18d614359c150c519889733b18 done
#9 naming to docker.io/skillrace/finishing-a-development-branch:base-construction-0.73.1 done
#9 naming to docker.io/skillrace/finishing-a-development-branch:base done
#9 DONE 0.0s
