#0 building with "default" instance using docker driver

#1 [1/4] FROM docker.io/skillrace/skillgen-base:0.73.1-construction
#1 CACHED

#2 [internal] load build definition from Containerfile.base
#2 transferring dockerfile: 381B done
#2 DONE 0.0s

#3 [internal] load metadata for docker.io/skillrace/skillgen-base:0.73.1-construction
#3 DONE 0.0s

#4 [internal] load .dockerignore
#4 transferring context: 2B done
#4 DONE 0.0s

#5 [internal] load build context
#5 transferring context: 87B done
#5 DONE 0.0s

#6 [3/4] COPY SKILL.md /skills/regex-expert/SKILL.md
#6 CACHED

#7 [2/4] COPY repo/    /workspace/
#7 CACHED

#8 [4/4] RUN cd /workspace && git add -A && git commit -q -m "base: empty regex workspace" || true
#8 CACHED

#9 exporting to image
#9 exporting layers done
#9 writing image sha256:95bea49b2dba3eb5884ec4ac119da675ff019585ebdaa2246e93a0562c929d75 done
#9 naming to docker.io/skillrace/regex-expert:base-construction-0.73.1 done
#9 naming to docker.io/skillrace/regex-expert:base done
#9 DONE 0.0s
