#0 building with "default" instance using docker driver

#1 [internal] load build definition from Dockerfile.skill-track
#1 transferring dockerfile: 794B done
#1 DONE 0.0s

#2 resolve image config for docker-image://docker.io/docker/dockerfile:1.7
#2 DONE 0.4s

#3 docker-image://docker.io/docker/dockerfile:1.7@sha256:a57df69d0ea827fb7266491f2813635de6f17269be881f696fbfdf2d83dda33e
#3 CACHED

#4 [internal] load metadata for docker.io/skillrace/parser-generator:base-construction-0.73.1
#4 DONE 0.0s

#5 [internal] load .dockerignore
#5 transferring context: 2B done
#5 DONE 0.0s

#6 [1/3] FROM docker.io/skillrace/parser-generator:base-construction-0.73.1
#6 DONE 0.0s

#7 [internal] load build context
#7 transferring context: 53B done
#7 DONE 0.0s

#8 [2/3] COPY models.yunwu.glm-4.5-flash.json /root/.pi/agent/models.json
#8 CACHED

#9 [3/3] RUN TRACK_MODEL="glm-4.5-flash" node -e 'const fs=require("fs"); const cfg=JSON.parse(fs.readFileSync("/root/.pi/agent/models.json","utf8")); const models=cfg.providers?.yunwu?.models??[]; if(models.length!==1||models[0].id!==process.env.TRACK_MODEL)process.exit(2); if(cfg.providers.yunwu.apiKey!=="yunwu_key")process.exit(3)'
#9 CACHED

#10 exporting to image
#10 exporting layers done
#10 writing image sha256:953cd8cf8da1209a1dcd6596085cbb63f4111448002f168c835974d72bf68c2a done
#10 naming to docker.io/skillrace/parser-generator:base-glm-4.5-flash done
#10 DONE 0.0s
